2026-02-10T23:06:19.578-03:00  INFO 116 --- [api_funcionarios] [restartedMain] com.gabryel.api_funcionarios.StartApp    : Starting StartApp using Java 21.0.7 with PID 116 (C:\Users\Gabryel Silvah\Downloads\api_funcionarios_v3\build\classes\java\main started by Gabryel Silvah in C:\Users\Gabryel Silvah\Downloads\api_funcionarios_v3)
2026-02-10T23:06:19.582-03:00  INFO 116 --- [api_funcionarios] [restartedMain] com.gabryel.api_funcionarios.StartApp    : No active profile set, falling back to 1 default profile: "default"
2026-02-10T23:06:19.655-03:00  INFO 116 --- [api_funcionarios] [restartedMain] .e.DevToolsPropertyDefaultsPostProcessor : Devtools property defaults active! Set 'spring.devtools.add-properties' to 'false' to disable
2026-02-10T23:06:19.656-03:00  INFO 116 --- [api_funcionarios] [restartedMain] .e.DevToolsPropertyDefaultsPostProcessor : For additional web related logging consider setting the 'logging.level.web' property to 'DEBUG'
2026-02-10T23:06:20.934-03:00  INFO 116 --- [api_funcionarios] [restartedMain] .s.d.r.c.RepositoryConfigurationDelegate : Bootstrapping Spring Data JPA repositories in DEFAULT mode.
2026-02-10T23:06:21.047-03:00  INFO 116 --- [api_funcionarios] [restartedMain] .s.d.r.c.RepositoryConfigurationDelegate : Finished Spring Data repository scanning in 99 ms. Found 5 JPA repository interfaces.
2026-02-10T23:06:22.359-03:00  INFO 116 --- [api_funcionarios] [restartedMain] o.s.b.w.embedded.tomcat.TomcatWebServer  : Tomcat initialized with port 8181 (http)
2026-02-10T23:06:22.382-03:00  INFO 116 --- [api_funcionarios] [restartedMain] o.apache.catalina.core.StandardService   : Starting service [Tomcat]
2026-02-10T23:06:22.383-03:00  INFO 116 --- [api_funcionarios] [restartedMain] o.apache.catalina.core.StandardEngine    : Starting Servlet engine: [Apache Tomcat/10.1.50]
2026-02-10T23:06:22.461-03:00  INFO 116 --- [api_funcionarios] [restartedMain] o.a.c.c.C.[Tomcat].[localhost].[/]       : Initializing Spring embedded WebApplicationContext
2026-02-10T23:06:22.462-03:00  INFO 116 --- [api_funcionarios] [restartedMain] w.s.c.ServletWebServerApplicationContext : Root WebApplicationContext: initialization completed in 2805 ms
2026-02-10T23:06:22.752-03:00  INFO 116 --- [api_funcionarios] [restartedMain] o.hibernate.jpa.internal.util.LogHelper  : HHH000204: Processing PersistenceUnitInfo [name: default]
2026-02-10T23:06:22.846-03:00  INFO 116 --- [api_funcionarios] [restartedMain] org.hibernate.Version                    : HHH000412: Hibernate ORM core version 6.6.41.Final
2026-02-10T23:06:22.902-03:00  INFO 116 --- [api_funcionarios] [restartedMain] o.h.c.internal.RegionFactoryInitiator    : HHH000026: Second-level cache disabled
2026-02-10T23:06:23.432-03:00  INFO 116 --- [api_funcionarios] [restartedMain] o.s.o.j.p.SpringPersistenceUnitInfo      : No LoadTimeWeaver setup: ignoring JPA class transformer
2026-02-10T23:06:23.484-03:00  INFO 116 --- [api_funcionarios] [restartedMain] com.zaxxer.hikari.HikariDataSource       : HikariPool-1 - Starting...
2026-02-10T23:06:23.946-03:00  INFO 116 --- [api_funcionarios] [restartedMain] com.zaxxer.hikari.pool.HikariPool        : HikariPool-1 - Added connection org.postgresql.jdbc.PgConnection@6f71df7b
2026-02-10T23:06:23.949-03:00  INFO 116 --- [api_funcionarios] [restartedMain] com.zaxxer.hikari.HikariDataSource       : HikariPool-1 - Start completed.
2026-02-10T23:06:23.998-03:00  WARN 116 --- [api_funcionarios] [restartedMain] org.hibernate.orm.deprecation            : HHH90000025: PostgreSQLDialect does not need to be specified explicitly using 'hibernate.dialect' (remove the property setting and it will be selected by default)
2026-02-10T23:06:24.028-03:00  INFO 116 --- [api_funcionarios] [restartedMain] org.hibernate.orm.connections.pooling    : HHH10001005: Database info:
	Database JDBC URL [Connecting through datasource 'HikariDataSource (HikariPool-1)']
	Database driver: undefined/unknown
	Database version: 17.4
	Autocommit mode: undefined/unknown
	Isolation level: undefined/unknown
	Minimum pool size: undefined/unknown
	Maximum pool size: undefined/unknown
2026-02-10T23:06:25.868-03:00  INFO 116 --- [api_funcionarios] [restartedMain] o.h.e.t.j.p.i.JtaPlatformInitiator       : HHH000489: No JTA platform available (set 'hibernate.transaction.jta.platform' to enable JTA platform integration)
2026-02-10T23:06:25.894-03:00 DEBUG 116 --- [api_funcionarios] [restartedMain] org.hibernate.SQL                        : set client_min_messages = WARNING
2026-02-10T23:06:25.897-03:00 DEBUG 116 --- [api_funcionarios] [restartedMain] org.hibernate.SQL                        : alter table if exists enderecos drop constraint if exists FKt491q5x39ieivnbxhnj6n1xqe
2026-02-10T23:06:25.898-03:00 DEBUG 116 --- [api_funcionarios] [restartedMain] org.hibernate.SQL                        : alter table if exists enderecos drop constraint if exists FK5u9893453por70lfl8pck9jed
2026-02-10T23:06:25.899-03:00 DEBUG 116 --- [api_funcionarios] [restartedMain] org.hibernate.SQL                        : alter table if exists funcionarios drop constraint if exists FKm4q37kidsr57yvdkctb7iieho
2026-02-10T23:06:25.900-03:00 DEBUG 116 --- [api_funcionarios] [restartedMain] org.hibernate.SQL                        : alter table if exists funcionarios drop constraint if exists FKq2gj8hyh03a9ifssm6rlnktj5
2026-02-10T23:06:25.900-03:00 DEBUG 116 --- [api_funcionarios] [restartedMain] org.hibernate.SQL                        : drop table if exists cargos cascade
2026-02-10T23:06:25.901-03:00 DEBUG 116 --- [api_funcionarios] [restartedMain] org.hibernate.SQL                        : drop table if exists cidades cascade
2026-02-10T23:06:25.902-03:00 DEBUG 116 --- [api_funcionarios] [restartedMain] org.hibernate.SQL                        : drop table if exists enderecos cascade
2026-02-10T23:06:25.903-03:00 DEBUG 116 --- [api_funcionarios] [restartedMain] org.hibernate.SQL                        : drop table if exists funcionarios cascade
2026-02-10T23:06:25.903-03:00 DEBUG 116 --- [api_funcionarios] [restartedMain] org.hibernate.SQL                        : drop table if exists setores cascade
2026-02-10T23:06:25.911-03:00 DEBUG 116 --- [api_funcionarios] [restartedMain] org.hibernate.SQL                        : create table cargos (id_cargo bigint generated by default as identity, nome_cargo varchar(40) not null, primary key (id_cargo))
2026-02-10T23:06:25.923-03:00 DEBUG 116 --- [api_funcionarios] [restartedMain] org.hibernate.SQL                        : create table cidades (id_cidade bigint generated by default as identity, nome_cidade varchar(40) not null, primary key (id_cidade))
2026-02-10T23:06:25.928-03:00 DEBUG 116 --- [api_funcionarios] [restartedMain] org.hibernate.SQL                        : create table enderecos (cep_ender integer not null, fk_cidade_endereco bigint not null, fk_funcionario_endereco bigint not null, id_ender bigint generated by default as identity, bairro_ender varchar(40) not null, complemento_ender varchar(40) not null, primary key (id_ender))
2026-02-10T23:06:25.934-03:00 DEBUG 116 --- [api_funcionarios] [restartedMain] org.hibernate.SQL                        : create table funcionarios (ativo_funcionario boolean default false not null, date_create_funcionario bigint not null, date_update_funcionario bigint not null, fk_cargo_funcionario bigint not null, fk_setor_funcionario bigint not null, id_funcionario bigint generated by default as identity, nome_funcionario varchar(90) not null, primary key (id_funcionario))
2026-02-10T23:06:25.942-03:00 DEBUG 116 --- [api_funcionarios] [restartedMain] org.hibernate.SQL                        : create table setores (id_setor bigint generated by default as identity, nome_setor varchar(40) not null, primary key (id_setor))
2026-02-10T23:06:25.948-03:00 DEBUG 116 --- [api_funcionarios] [restartedMain] org.hibernate.SQL                        : alter table if exists enderecos add constraint FKt491q5x39ieivnbxhnj6n1xqe foreign key (fk_cidade_endereco) references cidades
2026-02-10T23:06:25.952-03:00 DEBUG 116 --- [api_funcionarios] [restartedMain] org.hibernate.SQL                        : alter table if exists enderecos add constraint FK5u9893453por70lfl8pck9jed foreign key (fk_funcionario_endereco) references funcionarios
2026-02-10T23:06:25.955-03:00 DEBUG 116 --- [api_funcionarios] [restartedMain] org.hibernate.SQL                        : alter table if exists funcionarios add constraint FKm4q37kidsr57yvdkctb7iieho foreign key (fk_cargo_funcionario) references cargos
2026-02-10T23:06:25.957-03:00 DEBUG 116 --- [api_funcionarios] [restartedMain] org.hibernate.SQL                        : alter table if exists funcionarios add constraint FKq2gj8hyh03a9ifssm6rlnktj5 foreign key (fk_setor_funcionario) references setores
2026-02-10T23:06:25.965-03:00  INFO 116 --- [api_funcionarios] [restartedMain] j.LocalContainerEntityManagerFactoryBean : Initialized JPA EntityManagerFactory for persistence unit 'default'
2026-02-10T23:06:26.379-03:00  INFO 116 --- [api_funcionarios] [restartedMain] o.s.d.j.r.query.QueryEnhancerFactory     : Hibernate is in classpath; If applicable, HQL parser will be used.
2026-02-10T23:06:26.632-03:00  WARN 116 --- [api_funcionarios] [restartedMain] JpaBaseConfiguration$JpaWebConfiguration : spring.jpa.open-in-view is enabled by default. Therefore, database queries may be performed during view rendering. Explicitly configure spring.jpa.open-in-view to disable this warning
2026-02-10T23:06:27.207-03:00  WARN 116 --- [api_funcionarios] [restartedMain] ConfigServletWebServerApplicationContext : Exception encountered during context initialization - cancelling refresh attempt: org.springframework.beans.factory.BeanCreationException: Error creating bean with name 'dataSourceScriptDatabaseInitializer' defined in class path resource [org/springframework/boot/autoconfigure/sql/init/DataSourceInitializationConfiguration.class]: Failed to execute SQL script statement #1 of file [C:\Users\Gabryel Silvah\Downloads\api_funcionarios_v3\build\resources\main\data.sql]: INSERT INTO cargos (id_cargo, nome_cargo) VALUES (1, "Analista")
2026-02-10T23:06:27.209-03:00  INFO 116 --- [api_funcionarios] [restartedMain] j.LocalContainerEntityManagerFactoryBean : Closing JPA EntityManagerFactory for persistence unit 'default'
2026-02-10T23:06:27.209-03:00 DEBUG 116 --- [api_funcionarios] [restartedMain] org.hibernate.SQL                        : set client_min_messages = WARNING
2026-02-10T23:06:27.210-03:00 DEBUG 116 --- [api_funcionarios] [restartedMain] org.hibernate.SQL                        : alter table if exists enderecos drop constraint if exists FKt491q5x39ieivnbxhnj6n1xqe
2026-02-10T23:06:27.212-03:00 DEBUG 116 --- [api_funcionarios] [restartedMain] org.hibernate.SQL                        : alter table if exists enderecos drop constraint if exists FK5u9893453por70lfl8pck9jed
2026-02-10T23:06:27.214-03:00 DEBUG 116 --- [api_funcionarios] [restartedMain] org.hibernate.SQL                        : alter table if exists funcionarios drop constraint if exists FKm4q37kidsr57yvdkctb7iieho
2026-02-10T23:06:27.215-03:00 DEBUG 116 --- [api_funcionarios] [restartedMain] org.hibernate.SQL                        : alter table if exists funcionarios drop constraint if exists FKq2gj8hyh03a9ifssm6rlnktj5
2026-02-10T23:06:27.216-03:00 DEBUG 116 --- [api_funcionarios] [restartedMain] org.hibernate.SQL                        : drop table if exists cargos cascade
2026-02-10T23:06:27.220-03:00 DEBUG 116 --- [api_funcionarios] [restartedMain] org.hibernate.SQL                        : drop table if exists cidades cascade
2026-02-10T23:06:27.223-03:00 DEBUG 116 --- [api_funcionarios] [restartedMain] org.hibernate.SQL                        : drop table if exists enderecos cascade
2026-02-10T23:06:27.226-03:00 DEBUG 116 --- [api_funcionarios] [restartedMain] org.hibernate.SQL                        : drop table if exists funcionarios cascade
2026-02-10T23:06:27.230-03:00 DEBUG 116 --- [api_funcionarios] [restartedMain] org.hibernate.SQL                        : drop table if exists setores cascade
2026-02-10T23:06:27.239-03:00  INFO 116 --- [api_funcionarios] [restartedMain] com.zaxxer.hikari.HikariDataSource       : HikariPool-1 - Shutdown initiated...
2026-02-10T23:06:27.246-03:00  INFO 116 --- [api_funcionarios] [restartedMain] com.zaxxer.hikari.HikariDataSource       : HikariPool-1 - Shutdown completed.
2026-02-10T23:06:27.250-03:00  INFO 116 --- [api_funcionarios] [restartedMain] o.apache.catalina.core.StandardService   : Stopping service [Tomcat]
2026-02-10T23:06:27.267-03:00  INFO 116 --- [api_funcionarios] [restartedMain] .s.b.a.l.ConditionEvaluationReportLogger : 

Error starting ApplicationContext. To display the condition evaluation report re-run your application with 'debug' enabled.
2026-02-10T23:06:27.302-03:00 ERROR 116 --- [api_funcionarios] [restartedMain] o.s.boot.SpringApplication               : Application run failed

org.springframework.beans.factory.BeanCreationException: Error creating bean with name 'dataSourceScriptDatabaseInitializer' defined in class path resource [org/springframework/boot/autoconfigure/sql/init/DataSourceInitializationConfiguration.class]: Failed to execute SQL script statement #1 of file [C:\Users\Gabryel Silvah\Downloads\api_funcionarios_v3\build\resources\main\data.sql]: INSERT INTO cargos (id_cargo, nome_cargo) VALUES (1, "Analista")
	at org.springframework.beans.factory.support.AbstractAutowireCapableBeanFactory.initializeBean(AbstractAutowireCapableBeanFactory.java:1826) ~[spring-beans-6.2.15.jar:6.2.15]
	at org.springframework.beans.factory.support.AbstractAutowireCapableBeanFactory.doCreateBean(AbstractAutowireCapableBeanFactory.java:607) ~[spring-beans-6.2.15.jar:6.2.15]
	at org.springframework.beans.factory.support.AbstractAutowireCapableBeanFactory.createBean(AbstractAutowireCapableBeanFactory.java:529) ~[spring-beans-6.2.15.jar:6.2.15]
	at org.springframework.beans.factory.support.AbstractBeanFactory.lambda$doGetBean$0(AbstractBeanFactory.java:339) ~[spring-beans-6.2.15.jar:6.2.15]
	at org.springframework.beans.factory.support.DefaultSingletonBeanRegistry.getSingleton(DefaultSingletonBeanRegistry.java:373) ~[spring-beans-6.2.15.jar:6.2.15]
	at org.springframework.beans.factory.support.AbstractBeanFactory.doGetBean(AbstractBeanFactory.java:337) ~[spring-beans-6.2.15.jar:6.2.15]
	at org.springframework.beans.factory.support.AbstractBeanFactory.getBean(AbstractBeanFactory.java:202) ~[spring-beans-6.2.15.jar:6.2.15]
	at org.springframework.beans.factory.support.AbstractBeanFactory.doGetBean(AbstractBeanFactory.java:315) ~[spring-beans-6.2.15.jar:6.2.15]
	at org.springframework.beans.factory.support.AbstractBeanFactory.getBean(AbstractBeanFactory.java:202) ~[spring-beans-6.2.15.jar:6.2.15]
	at org.springframework.beans.factory.support.DefaultListableBeanFactory.instantiateSingleton(DefaultListableBeanFactory.java:1228) ~[spring-beans-6.2.15.jar:6.2.15]
	at org.springframework.beans.factory.support.DefaultListableBeanFactory.preInstantiateSingleton(DefaultListableBeanFactory.java:1194) ~[spring-beans-6.2.15.jar:6.2.15]
	at org.springframework.beans.factory.support.DefaultListableBeanFactory.preInstantiateSingletons(DefaultListableBeanFactory.java:1130) ~[spring-beans-6.2.15.jar:6.2.15]
	at org.springframework.context.support.AbstractApplicationContext.finishBeanFactoryInitialization(AbstractApplicationContext.java:990) ~[spring-context-6.2.15.jar:6.2.15]
	at org.springframework.context.support.AbstractApplicationContext.refresh(AbstractApplicationContext.java:627) ~[spring-context-6.2.15.jar:6.2.15]
	at org.springframework.boot.web.servlet.context.ServletWebServerApplicationContext.refresh(ServletWebServerApplicationContext.java:146) ~[spring-boot-3.5.10.jar:3.5.10]
	at org.springframework.boot.SpringApplication.refresh(SpringApplication.java:752) ~[spring-boot-3.5.10.jar:3.5.10]
	at org.springframework.boot.SpringApplication.refreshContext(SpringApplication.java:439) ~[spring-boot-3.5.10.jar:3.5.10]
	at org.springframework.boot.SpringApplication.run(SpringApplication.java:318) ~[spring-boot-3.5.10.jar:3.5.10]
	at org.springframework.boot.SpringApplication.run(SpringApplication.java:1361) ~[spring-boot-3.5.10.jar:3.5.10]
	at org.springframework.boot.SpringApplication.run(SpringApplication.java:1350) ~[spring-boot-3.5.10.jar:3.5.10]
	at com.gabryel.api_funcionarios.StartApp.main(StartApp.java:15) ~[main/:na]
	at java.base/jdk.internal.reflect.DirectMethodHandleAccessor.invoke(DirectMethodHandleAccessor.java:103) ~[na:na]
	at java.base/java.lang.reflect.Method.invoke(Method.java:580) ~[na:na]
	at org.springframework.boot.devtools.restart.RestartLauncher.run(RestartLauncher.java:50) ~[spring-boot-devtools-3.5.10.jar:3.5.10]
Caused by: org.springframework.jdbc.datasource.init.ScriptStatementFailedException: Failed to execute SQL script statement #1 of file [C:\Users\Gabryel Silvah\Downloads\api_funcionarios_v3\build\resources\main\data.sql]: INSERT INTO cargos (id_cargo, nome_cargo) VALUES (1, "Analista")
	at org.springframework.jdbc.datasource.init.ScriptUtils.executeSqlScript(ScriptUtils.java:293) ~[spring-jdbc-6.2.15.jar:6.2.15]
	at org.springframework.jdbc.datasource.init.ResourceDatabasePopulator.populate(ResourceDatabasePopulator.java:254) ~[spring-jdbc-6.2.15.jar:6.2.15]
	at org.springframework.jdbc.datasource.init.DatabasePopulatorUtils.execute(DatabasePopulatorUtils.java:54) ~[spring-jdbc-6.2.15.jar:6.2.15]
	at org.springframework.boot.jdbc.init.DataSourceScriptDatabaseInitializer.runScripts(DataSourceScriptDatabaseInitializer.java:87) ~[spring-boot-3.5.10.jar:3.5.10]
	at org.springframework.boot.sql.init.AbstractScriptDatabaseInitializer.runScripts(AbstractScriptDatabaseInitializer.java:146) ~[spring-boot-3.5.10.jar:3.5.10]
	at org.springframework.boot.sql.init.AbstractScriptDatabaseInitializer.applyScripts(AbstractScriptDatabaseInitializer.java:108) ~[spring-boot-3.5.10.jar:3.5.10]
	at org.springframework.boot.sql.init.AbstractScriptDatabaseInitializer.applyDataScripts(AbstractScriptDatabaseInitializer.java:102) ~[spring-boot-3.5.10.jar:3.5.10]
	at org.springframework.boot.sql.init.AbstractScriptDatabaseInitializer.initializeDatabase(AbstractScriptDatabaseInitializer.java:77) ~[spring-boot-3.5.10.jar:3.5.10]
	at org.springframework.boot.sql.init.AbstractScriptDatabaseInitializer.afterPropertiesSet(AbstractScriptDatabaseInitializer.java:66) ~[spring-boot-3.5.10.jar:3.5.10]
	at org.springframework.beans.factory.support.AbstractAutowireCapableBeanFactory.invokeInitMethods(AbstractAutowireCapableBeanFactory.java:1873) ~[spring-beans-6.2.15.jar:6.2.15]
	at org.springframework.beans.factory.support.AbstractAutowireCapableBeanFactory.initializeBean(AbstractAutowireCapableBeanFactory.java:1822) ~[spring-beans-6.2.15.jar:6.2.15]
	... 23 common frames omitted
Caused by: org.postgresql.util.PSQLException: ERRO: coluna "Analista" não existe
  Posição: 54
	at org.postgresql.core.v3.QueryExecutorImpl.receiveErrorResponse(QueryExecutorImpl.java:2846) ~[postgresql-42.7.9.jar:42.7.9]
	at org.postgresql.core.v3.QueryExecutorImpl.processResults(QueryExecutorImpl.java:2531) ~[postgresql-42.7.9.jar:42.7.9]
	at org.postgresql.core.v3.QueryExecutorImpl.execute(QueryExecutorImpl.java:429) ~[postgresql-42.7.9.jar:42.7.9]
	at org.postgresql.jdbc.PgStatement.executeInternal(PgStatement.java:526) ~[postgresql-42.7.9.jar:42.7.9]
	at org.postgresql.jdbc.PgStatement.execute(PgStatement.java:436) ~[postgresql-42.7.9.jar:42.7.9]
	at org.postgresql.jdbc.PgStatement.executeWithFlags(PgStatement.java:358) ~[postgresql-42.7.9.jar:42.7.9]
	at org.postgresql.jdbc.PgStatement.executeCachedSql(PgStatement.java:343) ~[postgresql-42.7.9.jar:42.7.9]
	at org.postgresql.jdbc.PgStatement.executeWithFlags(PgStatement.java:319) ~[postgresql-42.7.9.jar:42.7.9]
	at org.postgresql.jdbc.PgStatement.execute(PgStatement.java:314) ~[postgresql-42.7.9.jar:42.7.9]
	at com.zaxxer.hikari.pool.ProxyStatement.execute(ProxyStatement.java:95) ~[HikariCP-6.3.3.jar:na]
	at com.zaxxer.hikari.pool.HikariProxyStatement.execute(HikariProxyStatement.java) ~[HikariCP-6.3.3.jar:na]
	at org.springframework.jdbc.datasource.init.ScriptUtils.executeSqlScript(ScriptUtils.java:261) ~[spring-jdbc-6.2.15.jar:6.2.15]
	... 33 common frames omitted

